<?xml version="1.0" encoding="UTF-8"?>
<!-- Generated by org.testng.reporters.JUnitXMLReporter -->
<testsuite ignored="0" hostname="SONIC" failures="0" tests="8" name="Surefire test" time="12.854" errors="0" timestamp="2025-01-12T19:42:34 IST">
  <testcase classname="api.test.DDUserTest" name="testPostUser" time="2.75"/>
  <testcase classname="api.test.DDUserTest" name="testPostUser" time="1.155"/>
  <testcase classname="api.test.DDUserTest" name="testPostUser" time="1.103"/>
  <testcase classname="api.test.DDUserTest" name="testDeleteUserByName" time="1.14"/>
  <testcase classname="api.test.DDUserTest" name="testDeleteUserByName" time="1.111"/>
  <testcase classname="api.test.DDUserTest" name="testDeleteUserByName" time="1.146"/>
  <testcase classname="api.test.UserTests" name="testPostUser" time="1.071"/>
  <testcase classname="api.test.UserTests" name="getUserByName" time="2.188"/>
</testsuite> <!-- Surefire test -->
