<?xml version="1.0" encoding="UTF-8"?>
<!-- Generated by org.testng.reporters.JUnitXMLReporter -->
<testsuite ignored="0" hostname="SONIC" failures="0" tests="6" name="Default test" time="8.828" errors="0" timestamp="2025-01-10T14:07:33 IST">
  <testcase classname="api.test.DDUserTest" name="testPostUser" time="2.414"/>
  <testcase classname="api.test.DDUserTest" name="testPostUser" time="1.088"/>
  <testcase classname="api.test.DDUserTest" name="testPostUser" time="1.092"/>
  <testcase classname="api.test.DDUserTest" name="testDeleteUserByName" time="1.082"/>
  <testcase classname="api.test.DDUserTest" name="testDeleteUserByName" time="1.128"/>
  <testcase classname="api.test.DDUserTest" name="testDeleteUserByName" time="1.102"/>
</testsuite> <!-- Default test -->
