<?xml version="1.0" encoding="UTF-8"?>
<!-- Generated by org.testng.reporters.JUnitXMLReporter -->
<testsuite ignored="0" hostname="SONIC" failures="0" tests="6" name="Default test" time="10.341" errors="0" timestamp="2025-01-14T14:34:10 IST">
  <testcase classname="api.test.DDUserTest" name="testPostUser" time="3.317"/>
  <testcase classname="api.test.DDUserTest" name="testPostUser" time="1.108"/>
  <testcase classname="api.test.DDUserTest" name="testPostUser" time="1.167"/>
  <testcase classname="api.test.DDUserTest" name="testDeleteUserByName" time="1.155"/>
  <testcase classname="api.test.DDUserTest" name="testDeleteUserByName" time="1.137"/>
  <testcase classname="api.test.DDUserTest" name="testDeleteUserByName" time="1.098"/>
</testsuite> <!-- Default test -->
