<?xml version="1.0" encoding="UTF-8"?>
<!-- Generated by org.testng.reporters.JUnitXMLReporter -->
<testsuite ignored="0" hostname="SONIC" failures="0" tests="4" name="Test" time="7.64" errors="0" timestamp="2025-01-12T19:07:15 IST">
  <testcase classname="api.test.UserTests" name="testPostUser" time="3.188"/>
  <testcase classname="api.test.UserTests" name="getUserByName" time="1.167"/>
  <testcase classname="api.test.UserTests2" name="testPostUser" time="1.167"/>
  <testcase classname="api.test.UserTests2" name="getUserByName" time="1.137"/>
</testsuite> <!-- Test -->
