<?xml version="1.0" encoding="UTF-8"?>
<!-- Generated by org.testng.reporters.JUnitXMLReporter -->
<testsuite ignored="0" hostname="SONIC" failures="0" tests="8" name="Test" time="12.072" errors="0" timestamp="2025-01-14T14:35:21 IST">
  <testcase classname="api.test.UserTests2" name="testPostUser" time="2.693"/>
  <testcase classname="api.test.UserTests2" name="getUserByName" time="1.145"/>
  <testcase classname="api.test.DDUserTest" name="testPostUser" time="1.124"/>
  <testcase classname="api.test.DDUserTest" name="testPostUser" time="1.143"/>
  <testcase classname="api.test.DDUserTest" name="testPostUser" time="1.16"/>
  <testcase classname="api.test.DDUserTest" name="testDeleteUserByName" time="1.109"/>
  <testcase classname="api.test.DDUserTest" name="testDeleteUserByName" time="1.138"/>
  <testcase classname="api.test.DDUserTest" name="testDeleteUserByName" time="1.064"/>
</testsuite> <!-- Test -->
