<?xml version="1.0" encoding="UTF-8"?>
<testsuite xmlns:xsi="http://www.w3.org/2001/XMLSchema-instance" xsi:noNamespaceSchemaLocation="https://maven.apache.org/surefire/maven-surefire-plugin/xsd/surefire-test-report.xsd" version="3.0.2" name="TestSuite" time="13.315" tests="8" errors="0" skipped="0" failures="0">
  <properties>
[...]
</properties>
  <testcase name="testPostUser[10100, testuser1, John, Canedy, a@gmail.com, test@1, 123456789](1)" classname="api.test.DDUserTest" time="2.751">
    <system-out><![CDATA[HTTP/1.1 200 OK
Date: Sun, 12 Jan 2025 14:12:25 GMT
Content-Type: application/json
Transfer-Encoding: chunked
Connection: keep-alive
Access-Control-Allow-Origin: *
Access-Control-Allow-Methods: GET, POST, DELETE, PUT
Access-Control-Allow-Headers: Content-Type, api_key, Authorization
Server: Jetty(9.2.9.v20150224)

{
    "code": 200,
    "type": "unknown",
    "message": "10100"
}
]]></system-out>
    <system-err><![CDATA[SLF4J: Failed to load class "org.slf4j.impl.StaticLoggerBinder".
SLF4J: Defaulting to no-operation (NOP) logger implementation
SLF4J: See http://www.slf4j.org/codes.html#StaticLoggerBinder for further details.
]]></system-err>
  </testcase>
  <testcase name="testPostUser[10200, testuser2, Kim, Kom, b@gmail.com, test@2, 123456789](2)" classname="api.test.DDUserTest" time="1.164">
    <system-out><![CDATA[HTTP/1.1 200 OK
Date: Sun, 12 Jan 2025 14:12:26 GMT
Content-Type: application/json
Transfer-Encoding: chunked
Connection: keep-alive
Access-Control-Allow-Origin: *
Access-Control-Allow-Methods: GET, POST, DELETE, PUT
Access-Control-Allow-Headers: Content-Type, api_key, Authorization
Server: Jetty(9.2.9.v20150224)

{
    "code": 200,
    "type": "unknown",
    "message": "10200"
}
]]></system-out>
  </testcase>
  <testcase name="testPostUser[10300, testuser3, Smith, Steve, c@gmail.com, test@3, 123456789](3)" classname="api.test.DDUserTest" time="1.094">
    <system-out><![CDATA[HTTP/1.1 200 OK
Date: Sun, 12 Jan 2025 14:12:27 GMT
Content-Type: application/json
Transfer-Encoding: chunked
Connection: keep-alive
Access-Control-Allow-Origin: *
Access-Control-Allow-Methods: GET, POST, DELETE, PUT
Access-Control-Allow-Headers: Content-Type, api_key, Authorization
Server: Jetty(9.2.9.v20150224)

{
    "code": 200,
    "type": "unknown",
    "message": "10300"
}
]]></system-out>
  </testcase>
  <testcase name="testDeleteUserByName[testuser1](1)" classname="api.test.DDUserTest" time="1.141"/>
  <testcase name="testDeleteUserByName[testuser2](2)" classname="api.test.DDUserTest" time="1.111"/>
  <testcase name="testDeleteUserByName[testuser3](3)" classname="api.test.DDUserTest" time="1.147"/>
  <testcase name="testPostUser" classname="api.test.UserTests" time="1.087">
    <system-out><![CDATA[HTTP/1.1 200 OK
Date: Sun, 12 Jan 2025 14:12:32 GMT
Content-Type: application/json
Transfer-Encoding: chunked
Connection: keep-alive
Access-Control-Allow-Origin: *
Access-Control-Allow-Methods: GET, POST, DELETE, PUT
Access-Control-Allow-Headers: Content-Type, api_key, Authorization
Server: Jetty(9.2.9.v20150224)

{
    "code": 200,
    "type": "unknown",
    "message": "1636786811"
}
]]></system-out>
  </testcase>
  <testcase name="getUserByName" classname="api.test.UserTests" time="2.181">
    <system-out><![CDATA[HTTP/1.1 200 OK
Date: Sun, 12 Jan 2025 14:12:33 GMT
Content-Type: application/json
Transfer-Encoding: chunked
Connection: keep-alive
Access-Control-Allow-Origin: *
Access-Control-Allow-Methods: GET, POST, DELETE, PUT
Access-Control-Allow-Headers: Content-Type, api_key, Authorization
Server: Jetty(9.2.9.v20150224)

{
    "id": 1636786811,
    "username": "dorthey.hahn",
    "email": "williams.labadie@example.com",
    "password": "9jjy4av",
    "phone": "891.383.2362",
    "userStatus": 0
}
]]></system-out>
  </testcase>
</testsuite>