<?xml version="1.0" encoding="UTF-8"?>
<testng-results ignored="0" total="6" passed="6" failed="0" skipped="0">
  <reporter-output>
  </reporter-output>
  <suite started-at="2025-01-10T14:07:24 IST" name="Default suite" finished-at="2025-01-10T14:07:33 IST" duration-ms="8828">
    <groups>
    </groups>
    <test started-at="2025-01-10T14:07:24 IST" name="Default test" finished-at="2025-01-10T14:07:33 IST" duration-ms="8828">
      <class name="api.test.DDUserTest">
        <test-method signature="testPostUser(java.lang.String,java.lang.String,java.lang.String,java.lang.String,java.lang.String,java.lang.String,java.lang.String)[pri:1, instance:api.test.DDUserTest@1e0b4072]" started-at="2025-01-10T14:07:25 IST" name="testPostUser" data-provider="Data" finished-at="2025-01-10T14:07:27 IST" duration-ms="2414" status="PASS">
          <params>
            <param index="0">
              <value>
                <![CDATA[10100]]>
              </value>
            </param>
            <param index="1">
              <value>
                <![CDATA[testuser1]]>
              </value>
            </param>
            <param index="2">
              <value>
                <![CDATA[John]]>
              </value>
            </param>
            <param index="3">
              <value>
                <![CDATA[Canedy]]>
              </value>
            </param>
            <param index="4">
              <value>
                <![CDATA[a@gmail.com]]>
              </value>
            </param>
            <param index="5">
              <value>
                <![CDATA[test@1]]>
              </value>
            </param>
            <param index="6">
              <value>
                <![CDATA[123456789]]>
              </value>
            </param>
          </params>
          <reporter-output>
          </reporter-output>
        </test-method> <!-- testPostUser -->
        <test-method signature="testPostUser(java.lang.String,java.lang.String,java.lang.String,java.lang.String,java.lang.String,java.lang.String,java.lang.String)[pri:1, instance:api.test.DDUserTest@1e0b4072]" started-at="2025-01-10T14:07:27 IST" name="testPostUser" data-provider="Data" finished-at="2025-01-10T14:07:29 IST" duration-ms="1088" status="PASS">
          <params>
            <param index="0">
              <value>
                <![CDATA[10200]]>
              </value>
            </param>
            <param index="1">
              <value>
                <![CDATA[testuser2]]>
              </value>
            </param>
            <param index="2">
              <value>
                <![CDATA[Kim]]>
              </value>
            </param>
            <param index="3">
              <value>
                <![CDATA[Kom]]>
              </value>
            </param>
            <param index="4">
              <value>
                <![CDATA[b@gmail.com]]>
              </value>
            </param>
            <param index="5">
              <value>
                <![CDATA[test@2]]>
              </value>
            </param>
            <param index="6">
              <value>
                <![CDATA[123456789]]>
              </value>
            </param>
          </params>
          <reporter-output>
          </reporter-output>
        </test-method> <!-- testPostUser -->
        <test-method signature="testPostUser(java.lang.String,java.lang.String,java.lang.String,java.lang.String,java.lang.String,java.lang.String,java.lang.String)[pri:1, instance:api.test.DDUserTest@1e0b4072]" started-at="2025-01-10T14:07:29 IST" name="testPostUser" data-provider="Data" finished-at="2025-01-10T14:07:30 IST" duration-ms="1092" status="PASS">
          <params>
            <param index="0">
              <value>
                <![CDATA[10300]]>
              </value>
            </param>
            <param index="1">
              <value>
                <![CDATA[testuser3]]>
              </value>
            </param>
            <param index="2">
              <value>
                <![CDATA[Smith]]>
              </value>
            </param>
            <param index="3">
              <value>
                <![CDATA[Steve]]>
              </value>
            </param>
            <param index="4">
              <value>
                <![CDATA[c@gmail.com]]>
              </value>
            </param>
            <param index="5">
              <value>
                <![CDATA[test@3]]>
              </value>
            </param>
            <param index="6">
              <value>
                <![CDATA[123456789]]>
              </value>
            </param>
          </params>
          <reporter-output>
          </reporter-output>
        </test-method> <!-- testPostUser -->
        <test-method signature="testDeleteUserByName(java.lang.String)[pri:2, instance:api.test.DDUserTest@1e0b4072]" started-at="2025-01-10T14:07:30 IST" name="testDeleteUserByName" data-provider="UserNames" finished-at="2025-01-10T14:07:31 IST" duration-ms="1082" status="PASS">
          <params>
            <param index="0">
              <value>
                <![CDATA[testuser1]]>
              </value>
            </param>
          </params>
          <reporter-output>
          </reporter-output>
        </test-method> <!-- testDeleteUserByName -->
        <test-method signature="testDeleteUserByName(java.lang.String)[pri:2, instance:api.test.DDUserTest@1e0b4072]" started-at="2025-01-10T14:07:31 IST" name="testDeleteUserByName" data-provider="UserNames" finished-at="2025-01-10T14:07:32 IST" duration-ms="1128" status="PASS">
          <params>
            <param index="0">
              <value>
                <![CDATA[testuser2]]>
              </value>
            </param>
          </params>
          <reporter-output>
          </reporter-output>
        </test-method> <!-- testDeleteUserByName -->
        <test-method signature="testDeleteUserByName(java.lang.String)[pri:2, instance:api.test.DDUserTest@1e0b4072]" started-at="2025-01-10T14:07:32 IST" name="testDeleteUserByName" data-provider="UserNames" finished-at="2025-01-10T14:07:33 IST" duration-ms="1102" status="PASS">
          <params>
            <param index="0">
              <value>
                <![CDATA[testuser3]]>
              </value>
            </param>
          </params>
          <reporter-output>
          </reporter-output>
        </test-method> <!-- testDeleteUserByName -->
      </class> <!-- api.test.DDUserTest -->
    </test> <!-- Default test -->
  </suite> <!-- Default suite -->
</testng-results>
