<?xml version="1.0" encoding="UTF-8"?>
<testng-results ignored="0" total="2" passed="2" failed="0" skipped="0">
  <reporter-output>
  </reporter-output>
  <suite started-at="2025-01-12T14:53:29 IST" name="Suite" finished-at="2025-01-12T14:53:34 IST" duration-ms="4826">
    <groups>
    </groups>
    <test started-at="2025-01-12T14:53:29 IST" name="Test" finished-at="2025-01-12T14:53:34 IST" duration-ms="4826">
      <class name="api.test.UserTests">
        <test-method is-config="true" signature="setupData()[pri:0, instance:api.test.UserTests@3e27ba32]" started-at="2025-01-12T14:53:30 IST" name="setupData" finished-at="2025-01-12T14:53:30 IST" duration-ms="508" status="PASS">
          <reporter-output>
          </reporter-output>
        </test-method> <!-- setupData -->
        <test-method signature="testPostUser()[pri:1, instance:api.test.UserTests@3e27ba32]" started-at="2025-01-12T14:53:30 IST" name="testPostUser" finished-at="2025-01-12T14:53:33 IST" duration-ms="2614" status="PASS">
          <reporter-output>
          </reporter-output>
        </test-method> <!-- testPostUser -->
        <test-method signature="getUserByName()[pri:2, instance:api.test.UserTests@3e27ba32]" started-at="2025-01-12T14:53:33 IST" name="getUserByName" finished-at="2025-01-12T14:53:34 IST" depends-on-methods="api.test.UserTests.testPostUser" duration-ms="1451" status="PASS">
          <reporter-output>
          </reporter-output>
        </test-method> <!-- getUserByName -->
      </class> <!-- api.test.UserTests -->
    </test> <!-- Test -->
  </suite> <!-- Suite -->
</testng-results>
